<?xml version="1.0" encoding="UTF-8"?>
<!-- Generated by org.testng.reporters.JUnitReportReporter -->
<testsuite hostname="gsod-agonzalez" name="tests.Story1_5" tests="4" failures="0" timestamp="5 Apr 2017 22:54:08 GMT" time="92.419" errors="0">
  <testcase name="departmentNotInList" time="20.968" classname="tests.Story1_5"/>
  <testcase name="updateExistingEmployeeDeletedDepartment" time="36.256" classname="tests.Story1_5"/>
  <testcase name="addNewEmployeeDeletedDepartment" time="32.378" classname="tests.Story1_5"/>
  <testcase name="deleteDepartmentSuccessMsg" time="2.817" classname="tests.Story1_5"/>
</testsuite> <!-- tests.Story1_5 -->
