<?xml version="1.0" encoding="UTF-8"?>
<!-- Generated by org.testng.reporters.JUnitReportReporter -->
<testsuite hostname="gsod-agonzalez" name="tests.Story_1_6" tests="1" failures="0" timestamp="24 Mar 2017 19:07:33 GMT" time="27.355" errors="0">
  <testcase name="updateExistingEmployeeNewTitle" time="27.355" classname="tests.Story_1_6"/>
</testsuite> <!-- tests.Story_1_6 -->
