<?xml version="1.0" encoding="UTF-8"?>
<!-- Generated by org.testng.reporters.JUnitReportReporter -->
<testsuite hostname="gsod-agonzalez" name="tests.Story1_8" tests="1" failures="0" timestamp="5 Apr 2017 22:54:08 GMT" time="0.203" errors="0">
  <testcase name="employeePageOnEmployeeLogin" time="0.203" classname="tests.Story1_8"/>
</testsuite> <!-- tests.Story1_8 -->
