<?xml version="1.0" encoding="UTF-8"?>
<!-- Generated by org.testng.reporters.JUnitReportReporter -->
<testsuite hostname="gsod-agonzalez" name="tests.Story1_1" tests="5" failures="0" timestamp="5 Apr 2017 22:54:08 GMT" time="51.546" errors="0">
  <testcase name="addNewDepartmentFailMsg" time="4.100" classname="tests.Story1_1"/>
  <testcase name="updateExistingEmployeeNewDepartment" time="19.586" classname="tests.Story1_1"/>
  <testcase name="addNewEmployeeNewDepartment" time="23.967" classname="tests.Story1_1"/>
  <testcase name="addNewDepartmentSuccessMsg" time="3.041" classname="tests.Story1_1"/>
  <testcase name="newDepartmentInList" time="0.852" classname="tests.Story1_1"/>
</testsuite> <!-- tests.Story1_1 -->
