<?xml version="1.0" encoding="UTF-8"?>
<!-- Generated by org.testng.reporters.JUnitReportReporter -->
<testsuite hostname="gsod-agonzalez" name="tests.Story1_4" tests="5" failures="0" timestamp="5 Apr 2017 22:54:08 GMT" time="51.406" errors="0">
  <testcase name="updatedTitleAppearsInList" time="0.738" classname="tests.Story1_4"/>
  <testcase name="updateTitleFailMsg" time="2.894" classname="tests.Story1_4"/>
  <testcase name="updateExistingEmployeeNewTitle" time="14.903" classname="tests.Story1_4"/>
  <testcase name="addNewEmployeeNewTitle" time="25.308" classname="tests.Story1_4"/>
  <testcase name="updateTitleSuccessMsg" time="7.563" classname="tests.Story1_4"/>
</testsuite> <!-- tests.Story1_4 -->
