<?xml version="1.0" encoding="UTF-8"?>
<!-- Generated by org.testng.reporters.JUnitReportReporter -->
<testsuite hostname="gsod-agonzalez" name="tests.Story1_6" tests="4" failures="0" timestamp="5 Apr 2017 22:54:08 GMT" time="88.098" errors="0">
  <testcase name="titleNotInList" time="20.844" classname="tests.Story1_6"/>
  <testcase name="addNewEmployeeDeletedTitle" time="32.647" classname="tests.Story1_6"/>
  <testcase name="deleteTitleSuccessMsg" time="2.187" classname="tests.Story1_6"/>
  <testcase name="updateExistingEmployeeDeletedTitle" time="32.420" classname="tests.Story1_6"/>
</testsuite> <!-- tests.Story1_6 -->
