<?xml version="1.0" encoding="UTF-8"?>
<!-- Generated by org.testng.reporters.JUnitReportReporter -->
<testsuite hostname="gsod-agonzalez" name="tests.Story1_7" tests="4" failures="0" timestamp="5 Apr 2017 22:54:08 GMT" time="71.397" errors="0">
  <testcase name="addNewEmployeeSuccessMsg" time="22.026" classname="tests.Story1_7"/>
  <testcase name="newEmployeePresentInManagersDirectEmployeeList" time="5.805" classname="tests.Story1_7"/>
  <testcase name="addNewEmployeeFailMsg" time="38.135" classname="tests.Story1_7"/>
  <testcase name="newEmployeePresentInEmployeeList" time="5.431" classname="tests.Story1_7"/>
</testsuite> <!-- tests.Story1_7 -->
