<?xml version="1.0" encoding="UTF-8"?>
<!-- Generated by org.testng.reporters.JUnitReportReporter -->
<testsuite hostname="gsod-agonzalez" name="tests.Story1_2" tests="5" failures="0" timestamp="5 Apr 2017 22:54:08 GMT" time="62.045" errors="0">
  <testcase name="newTitleAppearsInList" time="0.796" classname="tests.Story1_2"/>
  <testcase name="addNewEmployeeNewTitle" time="25.614" classname="tests.Story1_2"/>
  <testcase name="addNewTitleSuccessMsg" time="7.470" classname="tests.Story1_2"/>
  <testcase name="addNewTitleFailMsg" time="7.249" classname="tests.Story1_2"/>
  <testcase name="updateExistingEmployeeNewTitle" time="20.916" classname="tests.Story1_2"/>
</testsuite> <!-- tests.Story1_2 -->
