<?xml version="1.0" encoding="UTF-8"?>
<!-- Generated by org.testng.reporters.JUnitReportReporter -->
<testsuite hostname="gsod-agonzalez" name="tests.Test1_1" tests="2" failures="0" timestamp="15 Mar 2017 20:19:52 GMT" time="7.300" errors="0">
  <testcase name="addNewDepartmentFailMsg" time="3.270" classname="tests.Test1_1"/>
  <testcase name="addNewDepartmentSuccessMsg" time="4.030" classname="tests.Test1_1"/>
</testsuite> <!-- tests.Test1_1 -->
