<?xml version="1.0" encoding="UTF-8"?>
<!-- Generated by org.testng.reporters.JUnitReportReporter -->
<testsuite hostname="gsod-agonzalez" name="tests.Story1_3" tests="5" failures="0" timestamp="5 Apr 2017 22:54:08 GMT" time="44.000" errors="0">
  <testcase name="updateDepartmentSuccessMsg" time="3.524" classname="tests.Story1_3"/>
  <testcase name="updateExistingEmployeeUpdatedDepartment" time="12.270" classname="tests.Story1_3"/>
  <testcase name="updateDepartmentFailMsg" time="3.273" classname="tests.Story1_3"/>
  <testcase name="addNewEmployeeUpdatedDepartment" time="24.009" classname="tests.Story1_3"/>
  <testcase name="newDepartmentInList" time="0.924" classname="tests.Story1_3"/>
</testsuite> <!-- tests.Story1_3 -->
